2025-07-14 14:58:13,585 WARNING database DDL Query made to DB:
DROP USER IF EXISTS '_10095d3054764b4c'@'localhost'
2025-07-14 14:58:13,595 WARNING database DDL Query made to DB:
DROP DATABASE IF EXISTS `_10095d3054764b4c`
2025-07-14 14:58:13,612 WARNING database DDL Query made to DB:
CREATE USER '_10095d3054764b4c'@'localhost' IDENTIFIED BY 'qQ5BOwlwfxviXgog'
2025-07-14 14:58:13,629 WARNING database DDL Query made to DB:
CREATE DATABASE `_10095d3054764b4c` CHARACTER SET utf8mb4 COLLATE utf8mb4_unicode_ci
2025-07-14 14:58:14,953 WARNING database DDL Query made to DB:
create table if not exists `__Auth` (
				`doctype` VARCHAR(140) NOT NULL,
				`name` VARCHAR(255) NOT NULL,
				`fieldname` VARCHAR(140) NOT NULL,
				`password` TEXT NOT NULL,
				`encrypted` INT(1) NOT NULL DEFAULT 0,
				PRIMARY KEY (`doctype`, `name`, `fieldname`)
			) ENGINE=InnoDB ROW_FORMAT=DYNAMIC CHARACTER SET=utf8mb4 COLLATE=utf8mb4_unicode_ci
2025-07-14 14:58:14,968 WARNING database DDL Query made to DB:
create table __global_search(
				doctype varchar(100),
				name varchar(140),
				title varchar(140),
				content text,
				fulltext(content),
				route varchar(140),
				published int(1) not null default 0,
				unique `doctype_name` (doctype, name))
				COLLATE=utf8mb4_unicode_ci
				ENGINE=MyISAM
				CHARACTER SET=utf8mb4
2025-07-14 14:58:15,018 WARNING database DDL Query made to DB:
create table if not exists __UserSettings (
			`user` VARCHAR(180) NOT NULL,
			`doctype` VARCHAR(180) NOT NULL,
			`data` TEXT,
			UNIQUE(user, doctype)
			) ENGINE=InnoDB DEFAULT CHARSET=utf8mb4 COLLATE=utf8mb4_unicode_ci
2025-07-14 14:58:16,085 WARNING database DDL Query made to DB:
create table `tabDocType State` (
			name varchar(140) primary key,
			creation datetime(6),
			modified datetime(6),
			modified_by varchar(140),
			owner varchar(140),
			docstatus int(1) not null default '0',
			idx int(8) not null default '0',
			`title` varchar(140),
`color` varchar(140) default 'Blue',
`custom` int(1) not null default 0,
parent varchar(140),
parentfield varchar(140),
parenttype varchar(140),
index parent(parent))
			ENGINE=InnoDB
			ROW_FORMAT=DYNAMIC
			CHARACTER SET=utf8mb4
			COLLATE=utf8mb4_unicode_ci
2025-07-14 14:58:16,375 WARNING database DDL Query made to DB:
ALTER TABLE `tabDocField` ADD COLUMN `non_negative` int(1) not null default 0, ADD COLUMN `is_virtual` int(1) not null default 0, ADD COLUMN `sort_options` int(1) not null default 0, ADD COLUMN `link_filters` json, ADD COLUMN `fetch_from` text, ADD COLUMN `show_on_timeline` int(1) not null default 0, ADD COLUMN `make_attachment_public` int(1) not null default 0, ADD COLUMN `documentation_url` varchar(140), ADD COLUMN `placeholder` varchar(140)
2025-07-14 14:58:16,573 WARNING database DDL Query made to DB:
ALTER TABLE `tabDocField` MODIFY `fetch_if_empty` int(1) not null default 0, MODIFY `no_copy` int(1) not null default 0, MODIFY `search_index` int(1) not null default 0, MODIFY `reqd` int(1) not null default 0, MODIFY `precision` varchar(140), MODIFY `length` int(11) not null default 0, MODIFY `remember_last_selected_value` int(1) not null default 0, MODIFY `label` varchar(140), MODIFY `hide_days` int(1) not null default 0, MODIFY `print_width` varchar(10), MODIFY `width` varchar(10), MODIFY `collapsible_depends_on` longtext, MODIFY `fieldtype` varchar(140) default 'Data', MODIFY `fieldname` varchar(140), MODIFY `hide_seconds` int(1) not null default 0, MODIFY `mandatory_depends_on` longtext, MODIFY `depends_on` longtext, MODIFY `hidden` int(1) not null default 0, MODIFY `print_hide` int(1) not null default 0, MODIFY `show_dashboard` int(1) not null default 0, MODIFY `permlevel` int(11) not null default 0, MODIFY `translatable` int(1) not null default 0, MODIFY `bold` int(1) not null default 0, MODIFY `print_hide_if_no_value` int(1) not null default 0, MODIFY `ignore_user_permissions` int(1) not null default 0, MODIFY `allow_bulk_edit` int(1) not null default 0, MODIFY `allow_on_submit` int(1) not null default 0, MODIFY `hide_border` int(1) not null default 0, MODIFY `ignore_xss_filter` int(1) not null default 0, MODIFY `oldfieldname` varchar(140), MODIFY `in_filter` int(1) not null default 0, MODIFY `in_global_search` int(1) not null default 0, MODIFY `oldfieldtype` varchar(140), MODIFY `in_preview` int(1) not null default 0, MODIFY `in_standard_filter` int(1) not null default 0, MODIFY `in_list_view` int(1) not null default 0, MODIFY `read_only` int(1) not null default 0, MODIFY `report_hide` int(1) not null default 0, MODIFY `columns` int(11) not null default 0, MODIFY `collapsible` int(1) not null default 0, MODIFY `allow_in_quick_entry` int(1) not null default 0, MODIFY `read_only_depends_on` longtext, MODIFY `unique` int(1) not null default 0, MODIFY `set_only_once` int(1) not null default 0
2025-07-14 14:58:16,849 WARNING database DDL Query made to DB:
ALTER TABLE `tabDocPerm` ADD COLUMN `if_owner` int(1) not null default 0, ADD COLUMN `select` int(1) not null default 0
2025-07-14 14:58:17,002 WARNING database DDL Query made to DB:
ALTER TABLE `tabDocPerm` MODIFY `submit` int(1) not null default 0, MODIFY `email` int(1) not null default 1, MODIFY `amend` int(1) not null default 0, MODIFY `read` int(1) not null default 1, MODIFY `permlevel` int(11) not null default 0, MODIFY `print` int(1) not null default 1, MODIFY `write` int(1) not null default 1, MODIFY `report` int(1) not null default 1, MODIFY `role` varchar(140), MODIFY `cancel` int(1) not null default 0, MODIFY `import` int(1) not null default 0, MODIFY `delete` int(1) not null default 1, MODIFY `share` int(1) not null default 1, MODIFY `create` int(1) not null default 1, MODIFY `export` int(1) not null default 1
2025-07-14 14:58:17,212 WARNING database DDL Query made to DB:
ALTER TABLE `tabDocType Action` ADD COLUMN `hidden` int(1) not null default 0, ADD COLUMN `custom` int(1) not null default 0
2025-07-14 14:58:17,371 WARNING database DDL Query made to DB:
ALTER TABLE `tabDocType Link` ADD COLUMN `parent_doctype` varchar(140), ADD COLUMN `table_fieldname` varchar(140), ADD COLUMN `hidden` int(1) not null default 0, ADD COLUMN `is_child_table` int(1) not null default 0, ADD COLUMN `custom` int(1) not null default 0
2025-07-14 14:58:17,560 WARNING database DDL Query made to DB:
create table `tabForm Tour Step` (
			name varchar(140) primary key,
			creation datetime(6),
			modified datetime(6),
			modified_by varchar(140),
			owner varchar(140),
			docstatus int(1) not null default '0',
			idx int(8) not null default '0',
			`ui_tour` int(1) not null default 0,
`is_table_field` int(1) not null default 0,
`title` varchar(140),
`parent_fieldname` varchar(140),
`fieldname` varchar(140),
`element_selector` varchar(140),
`parent_element_selector` varchar(140),
`description` longtext,
`ondemand_description` longtext,
`position` varchar(140) default 'Bottom',
`hide_buttons` int(1) not null default 0,
`popover_element` int(1) not null default 0,
`modal_trigger` int(1) not null default 0,
`offset_x` int(11) not null default 0,
`offset_y` int(11) not null default 0,
`next_on_click` int(1) not null default 0,
`label` varchar(140),
`fieldtype` varchar(140) default '0',
`has_next_condition` int(1) not null default 0,
`next_step_condition` longtext,
`next_form_tour` varchar(140),
`child_doctype` varchar(140),
parent varchar(140),
parentfield varchar(140),
parenttype varchar(140),
index parent(parent))
			ENGINE=InnoDB
			ROW_FORMAT=DYNAMIC
			CHARACTER SET=utf8mb4
			COLLATE=utf8mb4_unicode_ci
2025-07-14 14:58:17,771 WARNING database DDL Query made to DB:
create table `tabForm Tour` (
			name varchar(140) primary key,
			creation datetime(6),
			modified datetime(6),
			modified_by varchar(140),
			owner varchar(140),
			docstatus int(1) not null default '0',
			idx int(8) not null default '0',
			`title` varchar(140) unique,
`view_name` varchar(140),
`workspace_name` varchar(140),
`list_name` varchar(140) default 'List',
`report_name` varchar(140),
`dashboard_name` varchar(140),
`new_document_form` int(1) not null default 0,
`page_name` varchar(140),
`reference_doctype` varchar(140),
`module` varchar(140),
`ui_tour` int(1) not null default 0,
`track_steps` int(1) not null default 0,
`is_standard` int(1) not null default 0,
`save_on_complete` int(1) not null default 0,
`first_document` int(1) not null default 0,
`include_name_field` int(1) not null default 0,
`page_route` text,
`_user_tags` text,
`_comments` text,
`_assign` text,
`_liked_by` text,
index modified(modified))
			ENGINE=InnoDB
			ROW_FORMAT=DYNAMIC
			CHARACTER SET=utf8mb4
			COLLATE=utf8mb4_unicode_ci
2025-07-14 14:58:18,090 WARNING database DDL Query made to DB:
ALTER TABLE `tabDocType` ADD COLUMN `is_calendar_and_gantt` int(1) not null default 0, ADD COLUMN `quick_entry` int(1) not null default 0, ADD COLUMN `grid_page_length` int(11) not null default 50, ADD COLUMN `track_views` int(1) not null default 0, ADD COLUMN `queue_in_background` int(1) not null default 0, ADD COLUMN `documentation` varchar(140), ADD COLUMN `nsm_parent_field` varchar(140), ADD COLUMN `allow_events_in_timeline` int(1) not null default 0, ADD COLUMN `allow_auto_repeat` int(1) not null default 0, ADD COLUMN `make_attachments_public` int(1) not null default 0, ADD COLUMN `default_view` varchar(140), ADD COLUMN `force_re_route_to_default_view` int(1) not null default 0, ADD COLUMN `show_preview_popup` int(1) not null default 0, ADD COLUMN `default_email_template` varchar(140), ADD COLUMN `sender_name_field` varchar(140), ADD COLUMN `protect_attached_files` int(1) not null default 0, ADD COLUMN `index_web_pages_for_search` int(1) not null default 1, ADD COLUMN `row_format` varchar(140) default 'Dynamic', ADD COLUMN `_comments` text, ADD COLUMN `_assign` text, ADD COLUMN `_liked_by` text
2025-07-14 14:58:18,273 WARNING database DDL Query made to DB:
ALTER TABLE `tabDocType` MODIFY `is_tree` int(1) not null default 0, MODIFY `has_web_view` int(1) not null default 0, MODIFY `route` varchar(140), MODIFY `beta` int(1) not null default 0, MODIFY `is_virtual` int(1) not null default 0, MODIFY `timeline_field` varchar(140), MODIFY `autoname` varchar(140), MODIFY `migration_hash` varchar(140), MODIFY `custom` int(1) not null default 0, MODIFY `engine` varchar(140) default 'InnoDB', MODIFY `image_field` varchar(140), MODIFY `_user_tags` text, MODIFY `website_search_field` varchar(140), MODIFY `allow_rename` int(1) not null default 1, MODIFY `allow_import` int(1) not null default 0, MODIFY `hide_toolbar` int(1) not null default 0, MODIFY `title_field` varchar(140), MODIFY `allow_copy` int(1) not null default 0, MODIFY `search_fields` varchar(140), MODIFY `max_attachments` int(11) not null default 0, MODIFY `translated_doctype` int(1) not null default 0, MODIFY `default_print_format` varchar(140), MODIFY `sort_order` varchar(140) default 'DESC', MODIFY `email_append_to` int(1) not null default 0, MODIFY `document_type` varchar(140), MODIFY `icon` varchar(140), MODIFY `editable_grid` int(1) not null default 1, MODIFY `sort_field` varchar(140) default 'modified', MODIFY `show_name_in_global_search` int(1) not null default 0, MODIFY `module` varchar(140), MODIFY `is_submittable` int(1) not null default 0, MODIFY `in_create` int(1) not null default 0, MODIFY `track_seen` int(1) not null default 0, MODIFY `color` varchar(140), MODIFY `subject_field` varchar(140), MODIFY `istable` int(1) not null default 0, MODIFY `track_changes` int(1) not null default 0, MODIFY `read_only` int(1) not null default 0, MODIFY `issingle` int(1) not null default 0, MODIFY `restrict_to_domain` varchar(140), MODIFY `is_published_field` varchar(140), MODIFY `sender_field` varchar(140), MODIFY `allow_guest_to_view` int(1) not null default 0, MODIFY `show_title_field_in_link` int(1) not null default 0
2025-07-14 14:58:18,369 WARNING database DDL Query made to DB:
ALTER TABLE `tabDocType` ADD INDEX `module_index`(`module`)
2025-07-14 14:58:18,660 WARNING database DDL Query made to DB:
create table `tabRole` (
			name varchar(140) primary key,
			creation datetime(6),
			modified datetime(6),
			modified_by varchar(140),
			owner varchar(140),
			docstatus int(1) not null default '0',
			idx int(8) not null default '0',
			`role_name` varchar(140) unique,
`home_page` varchar(140),
`restrict_to_domain` varchar(140),
`disabled` int(1) not null default 0,
`is_custom` int(1) not null default 0,
`desk_access` int(1) not null default 1,
`two_factor_auth` int(1) not null default 0,
`_user_tags` text,
`_comments` text,
`_assign` text,
`_liked_by` text,
index modified(modified))
			ENGINE=InnoDB
			ROW_FORMAT=DYNAMIC
			CHARACTER SET=utf8mb4
			COLLATE=utf8mb4_unicode_ci
2025-07-14 14:58:18,870 WARNING database DDL Query made to DB:
create table `tabHas Role` (
			name varchar(140) primary key,
			creation datetime(6),
			modified datetime(6),
			modified_by varchar(140),
			owner varchar(140),
			docstatus int(1) not null default '0',
			idx int(8) not null default '0',
			`role` varchar(140),
parent varchar(140),
parentfield varchar(140),
parenttype varchar(140),
index parent(parent))
			ENGINE=InnoDB
			ROW_FORMAT=DYNAMIC
			CHARACTER SET=utf8mb4
			COLLATE=utf8mb4_unicode_ci
2025-07-14 14:58:19,115 WARNING database DDL Query made to DB:
create table `tabCustom Field` (
			name varchar(140) primary key,
			creation datetime(6),
			modified datetime(6),
			modified_by varchar(140),
			owner varchar(140),
			docstatus int(1) not null default '0',
			idx int(8) not null default '0',
			`is_system_generated` int(1) not null default 0,
`dt` varchar(140),
`module` varchar(140),
`label` varchar(140),
`placeholder` varchar(140),
`fieldname` varchar(140),
`insert_after` varchar(140),
`length` int(11) not null default 0,
`link_filters` json,
`fieldtype` varchar(140) default 'Data',
`precision` varchar(140),
`hide_seconds` int(1) not null default 0,
`hide_days` int(1) not null default 0,
`options` text,
`sort_options` int(1) not null default 0,
`fetch_from` text,
`fetch_if_empty` int(1) not null default 0,
`collapsible` int(1) not null default 0,
`collapsible_depends_on` longtext,
`default` text,
`depends_on` longtext,
`mandatory_depends_on` longtext,
`read_only_depends_on` longtext,
`non_negative` int(1) not null default 0,
`reqd` int(1) not null default 0,
`unique` int(1) not null default 0,
`is_virtual` int(1) not null default 0,
`read_only` int(1) not null default 0,
`ignore_user_permissions` int(1) not null default 0,
`hidden` int(1) not null default 0,
`print_hide` int(1) not null default 0,
`print_hide_if_no_value` int(1) not null default 0,
`print_width` varchar(140),
`no_copy` int(1) not null default 0,
`allow_on_submit` int(1) not null default 0,
`in_list_view` int(1) not null default 0,
`in_standard_filter` int(1) not null default 0,
`in_global_search` int(1) not null default 0,
`in_preview` int(1) not null default 0,
`bold` int(1) not null default 0,
`report_hide` int(1) not null default 0,
`search_index` int(1) not null default 0,
`allow_in_quick_entry` int(1) not null default 0,
`ignore_xss_filter` int(1) not null default 0,
`translatable` int(1) not null default 0,
`hide_border` int(1) not null default 0,
`show_dashboard` int(1) not null default 0,
`description` text,
`permlevel` int(11) not null default 0,
`width` varchar(140),
`columns` int(11) not null default 0,
`_user_tags` text,
`_comments` text,
`_assign` text,
`_liked_by` text,
index `dt`(`dt`),
index modified(modified))
			ENGINE=InnoDB
			ROW_FORMAT=DYNAMIC
			CHARACTER SET=utf8mb4
			COLLATE=utf8mb4_unicode_ci
2025-07-14 14:58:19,294 WARNING database DDL Query made to DB:
create table `tabProperty Setter` (
			name varchar(140) primary key,
			creation datetime(6),
			modified datetime(6),
			modified_by varchar(140),
			owner varchar(140),
			docstatus int(1) not null default '0',
			idx int(8) not null default '0',
			`is_system_generated` int(1) not null default 0,
`doctype_or_field` varchar(140),
`doc_type` varchar(140),
`field_name` varchar(140),
`row_name` varchar(140),
`module` varchar(140),
`property` varchar(140),
`property_type` varchar(140),
`value` text,
`default_value` varchar(140),
`_user_tags` text,
`_comments` text,
`_assign` text,
`_liked_by` text,
index `doc_type`(`doc_type`),
index `field_name`(`field_name`),
index `property`(`property`),
index modified(modified))
			ENGINE=InnoDB
			ROW_FORMAT=DYNAMIC
			CHARACTER SET=utf8mb4
			COLLATE=utf8mb4_unicode_ci
2025-07-14 14:58:19,566 WARNING database DDL Query made to DB:
create table `tabWeb Form` (
			name varchar(140) primary key,
			creation datetime(6),
			modified datetime(6),
			modified_by varchar(140),
			owner varchar(140),
			docstatus int(1) not null default '0',
			idx int(8) not null default '0',
			`title` varchar(140),
`route` varchar(140) unique,
`published` int(1) not null default 0,
`doc_type` varchar(140),
`module` varchar(140),
`is_standard` int(1) not null default 0,
`introduction_text` longtext,
`anonymous` int(1) not null default 0,
`login_required` int(1) not null default 0,
`apply_document_permissions` int(1) not null default 0,
`allow_edit` int(1) not null default 0,
`allow_multiple` int(1) not null default 0,
`allow_delete` int(1) not null default 0,
`allow_incomplete` int(1) not null default 0,
`allow_comments` int(1) not null default 0,
`allow_print` int(1) not null default 0,
`print_format` varchar(140),
`max_attachment_size` int(11) not null default 0,
`show_attachments` int(1) not null default 0,
`allowed_embedding_domains` text,
`condition_json` json,
`show_list` int(1) not null default 0,
`list_title` varchar(140),
`show_sidebar` int(1) not null default 0,
`website_sidebar` varchar(140),
`button_label` varchar(140) default 'Save',
`banner_image` text,
`breadcrumbs` longtext,
`success_title` varchar(140),
`success_url` varchar(140),
`success_message` text,
`meta_title` varchar(140),
`meta_description` text,
`meta_image` text,
`client_script` longtext,
`custom_css` longtext,
`_user_tags` text,
`_comments` text,
`_assign` text,
`_liked_by` text,
index modified(modified))
			ENGINE=InnoDB
			ROW_FORMAT=DYNAMIC
			CHARACTER SET=utf8mb4
			COLLATE=utf8mb4_unicode_ci
2025-07-14 14:58:19,741 WARNING database DDL Query made to DB:
create table `tabWeb Template` (
			name varchar(140) primary key,
			creation datetime(6),
			modified datetime(6),
			modified_by varchar(140),
			owner varchar(140),
			docstatus int(1) not null default '0',
			idx int(8) not null default '0',
			`type` varchar(140) default 'Section',
`standard` int(1) not null default 0,
`module` varchar(140),
`template` longtext,
`_user_tags` text,
`_comments` text,
`_assign` text,
`_liked_by` text,
index modified(modified))
			ENGINE=InnoDB
			ROW_FORMAT=DYNAMIC
			CHARACTER SET=utf8mb4
			COLLATE=utf8mb4_unicode_ci
2025-07-14 14:58:19,954 WARNING database DDL Query made to DB:
create table `tabWeb Form Field` (
			name varchar(140) primary key,
			creation datetime(6),
			modified datetime(6),
			modified_by varchar(140),
			owner varchar(140),
			docstatus int(1) not null default '0',
			idx int(8) not null default '0',
			`fieldname` varchar(140),
`fieldtype` varchar(140),
`label` varchar(140),
`allow_read_on_all_link_options` int(1) not null default 0,
`reqd` int(1) not null default 0,
`read_only` int(1) not null default 0,
`show_in_filter` int(1) not null default 0,
`hidden` int(1) not null default 0,
`options` text,
`max_length` int(11) not null default 0,
`max_value` int(11) not null default 0,
`precision` varchar(140),
`depends_on` longtext,
`mandatory_depends_on` longtext,
`read_only_depends_on` longtext,
`description` text,
`default` varchar(140),
parent varchar(140),
parentfield varchar(140),
parenttype varchar(140),
index parent(parent))
			ENGINE=InnoDB
			ROW_FORMAT=DYNAMIC
			CHARACTER SET=utf8mb4
			COLLATE=utf8mb4_unicode_ci
2025-07-14 14:58:20,109 WARNING database DDL Query made to DB:
create table `tabPortal Menu Item` (
			name varchar(140) primary key,
			creation datetime(6),
			modified datetime(6),
			modified_by varchar(140),
			owner varchar(140),
			docstatus int(1) not null default '0',
			idx int(8) not null default '0',
			`title` varchar(140),
`enabled` int(1) not null default 0,
`route` varchar(140),
`reference_doctype` varchar(140),
`role` varchar(140),
`target` varchar(140),
parent varchar(140),
parentfield varchar(140),
parenttype varchar(140),
index parent(parent))
			ENGINE=InnoDB
			ROW_FORMAT=DYNAMIC
			CHARACTER SET=utf8mb4
			COLLATE=utf8mb4_unicode_ci
2025-07-14 14:58:20,317 WARNING database DDL Query made to DB:
create table `tabNumber Card` (
			name varchar(140) primary key,
			creation datetime(6),
			modified datetime(6),
			modified_by varchar(140),
			owner varchar(140),
			docstatus int(1) not null default '0',
			idx int(8) not null default '0',
			`is_standard` int(1) not null default 0,
`module` varchar(140),
`label` varchar(140),
`type` varchar(140),
`report_name` varchar(140),
`method` varchar(140),
`function` varchar(140),
`aggregate_function_based_on` varchar(140),
`document_type` varchar(140),
`parent_document_type` varchar(140),
`report_field` varchar(140),
`report_function` varchar(140),
`is_public` int(1) not null default 0,
`currency` varchar(140),
`filters_config` longtext,
`show_percentage_stats` int(1) not null default 1,
`stats_time_interval` varchar(140) default 'Daily',
`filters_json` longtext,
`dynamic_filters_json` longtext,
`color` varchar(140),
`background_color` varchar(140),
`_user_tags` text,
`_comments` text,
`_assign` text,
`_liked_by` text,
index modified(modified))
			ENGINE=InnoDB
			ROW_FORMAT=DYNAMIC
			CHARACTER SET=utf8mb4
			COLLATE=utf8mb4_unicode_ci
2025-07-14 14:58:20,563 WARNING database DDL Query made to DB:
create table `tabDashboard Chart` (
			name varchar(140) primary key,
			creation datetime(6),
			modified datetime(6),
			modified_by varchar(140),
			owner varchar(140),
			docstatus int(1) not null default '0',
			idx int(8) not null default '0',
			`is_standard` int(1) not null default 0,
`module` varchar(140),
`chart_name` varchar(140) unique,
`chart_type` varchar(140),
`report_name` varchar(140),
`use_report_chart` int(1) not null default 0,
`x_field` varchar(140),
`source` varchar(140),
`document_type` varchar(140),
`parent_document_type` varchar(140),
`based_on` varchar(140),
`value_based_on` varchar(140),
`group_by_type` varchar(140) default 'Count',
`group_by_based_on` varchar(140),
`aggregate_function_based_on` varchar(140),
`number_of_groups` int(11) not null default 0,
`is_public` int(1) not null default 0,
`heatmap_year` varchar(140),
`timespan` varchar(140),
`from_date` date,
`to_date` date,
`time_interval` varchar(140),
`timeseries` int(1) not null default 0,
`type` varchar(140) default 'Line',
`currency` varchar(140),
`filters_json` longtext,
`dynamic_filters_json` longtext,
`custom_options` longtext,
`color` varchar(140),
`last_synced_on` datetime(6),
`_user_tags` text,
`_comments` text,
`_assign` text,
`_liked_by` text,
index modified(modified))
			ENGINE=InnoDB
			ROW_FORMAT=DYNAMIC
			CHARACTER SET=utf8mb4
			COLLATE=utf8mb4_unicode_ci
2025-07-14 14:58:20,739 WARNING database DDL Query made to DB:
create table `tabDashboard` (
			name varchar(140) primary key,
			creation datetime(6),
			modified datetime(6),
			modified_by varchar(140),
			owner varchar(140),
			docstatus int(1) not null default '0',
			idx int(8) not null default '0',
			`dashboard_name` varchar(140) unique,
`is_default` int(1) not null default 0,
`is_standard` int(1) not null default 0,
`module` varchar(140),
`chart_options` longtext,
`_user_tags` text,
`_comments` text,
`_assign` text,
`_liked_by` text,
index modified(modified))
			ENGINE=InnoDB
			ROW_FORMAT=DYNAMIC
			CHARACTER SET=utf8mb4
			COLLATE=utf8mb4_unicode_ci
2025-07-14 14:58:20,904 WARNING database DDL Query made to DB:
create table `tabOnboarding Permission` (
			name varchar(140) primary key,
			creation datetime(6),
			modified datetime(6),
			modified_by varchar(140),
			owner varchar(140),
			docstatus int(1) not null default '0',
			idx int(8) not null default '0',
			`role` varchar(140),
parent varchar(140),
parentfield varchar(140),
parenttype varchar(140),
index parent(parent))
			ENGINE=InnoDB
			ROW_FORMAT=DYNAMIC
			CHARACTER SET=utf8mb4
			COLLATE=utf8mb4_unicode_ci
2025-07-14 14:58:21,104 WARNING database DDL Query made to DB:
create table `tabOnboarding Step` (
			name varchar(140) primary key,
			creation datetime(6),
			modified datetime(6),
			modified_by varchar(140),
			owner varchar(140),
			docstatus int(1) not null default '0',
			idx int(8) not null default '0',
			`title` varchar(140),
`is_complete` int(1) not null default 0,
`is_skipped` int(1) not null default 0,
`description` longtext,
`intro_video_url` varchar(140),
`action` varchar(140),
`action_label` varchar(140),
`reference_document` varchar(140),
`show_full_form` int(1) not null default 0,
`show_form_tour` int(1) not null default 0,
`form_tour` varchar(140),
`is_single` int(1) not null default 0,
`reference_report` varchar(140),
`report_reference_doctype` varchar(140),
`report_type` varchar(140),
`report_description` varchar(140),
`path` varchar(140),
`callback_title` varchar(140),
`callback_message` text,
`validate_action` int(1) not null default 1,
`field` varchar(140),
`value_to_validate` varchar(140),
`video_url` varchar(140),
`_user_tags` text,
`_comments` text,
`_assign` text,
`_liked_by` text,
index modified(modified))
			ENGINE=InnoDB
			ROW_FORMAT=DYNAMIC
			CHARACTER SET=utf8mb4
			COLLATE=utf8mb4_unicode_ci
2025-07-14 14:58:21,253 WARNING database DDL Query made to DB:
create table `tabOnboarding Step Map` (
			name varchar(140) primary key,
			creation datetime(6),
			modified datetime(6),
			modified_by varchar(140),
			owner varchar(140),
			docstatus int(1) not null default '0',
			idx int(8) not null default '0',
			`step` varchar(140),
parent varchar(140),
parentfield varchar(140),
parenttype varchar(140),
index parent(parent))
			ENGINE=InnoDB
			ROW_FORMAT=DYNAMIC
			CHARACTER SET=utf8mb4
			COLLATE=utf8mb4_unicode_ci
2025-07-14 14:58:21,415 WARNING database DDL Query made to DB:
create table `tabModule Onboarding` (
			name varchar(140) primary key,
			creation datetime(6),
			modified datetime(6),
			modified_by varchar(140),
			owner varchar(140),
			docstatus int(1) not null default '0',
			idx int(8) not null default '0',
			`title` varchar(140),
`subtitle` varchar(140),
`module` varchar(140),
`success_message` varchar(140),
`documentation_url` varchar(140),
`is_complete` int(1) not null default 0,
`_user_tags` text,
`_comments` text,
`_assign` text,
`_liked_by` text,
index modified(modified))
			ENGINE=InnoDB
			ROW_FORMAT=DYNAMIC
			CHARACTER SET=utf8mb4
			COLLATE=utf8mb4_unicode_ci
2025-07-14 14:58:21,616 WARNING database DDL Query made to DB:
create table `tabWorkspace Link` (
			name varchar(140) primary key,
			creation datetime(6),
			modified datetime(6),
			modified_by varchar(140),
			owner varchar(140),
			docstatus int(1) not null default '0',
			idx int(8) not null default '0',
			`type` varchar(140) default 'Link',
`label` varchar(140),
`icon` varchar(140),
`description` longtext,
`hidden` int(1) not null default 0,
`link_type` varchar(140),
`link_to` varchar(140),
`report_ref_doctype` varchar(140),
`dependencies` varchar(140),
`only_for` varchar(140),
`onboard` int(1) not null default 0,
`is_query_report` int(1) not null default 0,
`link_count` int(11) not null default 0,
parent varchar(140),
parentfield varchar(140),
parenttype varchar(140),
index parent(parent))
			ENGINE=InnoDB
			ROW_FORMAT=DYNAMIC
			CHARACTER SET=utf8mb4
			COLLATE=utf8mb4_unicode_ci
2025-07-14 14:58:21,750 WARNING database DDL Query made to DB:
create table `tabWorkspace Chart` (
			name varchar(140) primary key,
			creation datetime(6),
			modified datetime(6),
			modified_by varchar(140),
			owner varchar(140),
			docstatus int(1) not null default '0',
			idx int(8) not null default '0',
			`chart_name` varchar(140),
`label` varchar(140),
parent varchar(140),
parentfield varchar(140),
parenttype varchar(140),
index parent(parent))
			ENGINE=InnoDB
			ROW_FORMAT=DYNAMIC
			CHARACTER SET=utf8mb4
			COLLATE=utf8mb4_unicode_ci
2025-07-14 14:58:21,953 WARNING database DDL Query made to DB:
create table `tabWorkspace Shortcut` (
			name varchar(140) primary key,
			creation datetime(6),
			modified datetime(6),
			modified_by varchar(140),
			owner varchar(140),
			docstatus int(1) not null default '0',
			idx int(8) not null default '0',
			`type` varchar(140),
`link_to` varchar(140),
`url` varchar(140),
`doc_view` varchar(140),
`kanban_board` varchar(140),
`label` varchar(140),
`icon` varchar(140),
`restrict_to_domain` varchar(140),
`report_ref_doctype` varchar(140),
`stats_filter` longtext,
`color` varchar(140),
`format` varchar(140),
parent varchar(140),
parentfield varchar(140),
parenttype varchar(140),
index parent(parent))
			ENGINE=InnoDB
			ROW_FORMAT=DYNAMIC
			CHARACTER SET=utf8mb4
			COLLATE=utf8mb4_unicode_ci
2025-07-14 14:58:22,106 WARNING database DDL Query made to DB:
create table `tabWorkspace Quick List` (
			name varchar(140) primary key,
			creation datetime(6),
			modified datetime(6),
			modified_by varchar(140),
			owner varchar(140),
			docstatus int(1) not null default '0',
			idx int(8) not null default '0',
			`document_type` varchar(140),
`label` varchar(140),
`quick_list_filter` longtext,
parent varchar(140),
parentfield varchar(140),
parenttype varchar(140),
index parent(parent))
			ENGINE=InnoDB
			ROW_FORMAT=DYNAMIC
			CHARACTER SET=utf8mb4
			COLLATE=utf8mb4_unicode_ci
2025-07-14 14:58:22,252 WARNING database DDL Query made to DB:
create table `tabWorkspace Number Card` (
			name varchar(140) primary key,
			creation datetime(6),
			modified datetime(6),
			modified_by varchar(140),
			owner varchar(140),
			docstatus int(1) not null default '0',
			idx int(8) not null default '0',
			`number_card_name` varchar(140),
`label` varchar(140),
parent varchar(140),
parentfield varchar(140),
parenttype varchar(140),
index parent(parent))
			ENGINE=InnoDB
			ROW_FORMAT=DYNAMIC
			CHARACTER SET=utf8mb4
			COLLATE=utf8mb4_unicode_ci
2025-07-14 14:58:22,383 WARNING database DDL Query made to DB:
create table `tabWorkspace Custom Block` (
			name varchar(140) primary key,
			creation datetime(6),
			modified datetime(6),
			modified_by varchar(140),
			owner varchar(140),
			docstatus int(1) not null default '0',
			idx int(8) not null default '0',
			`custom_block_name` varchar(140),
`label` varchar(140),
parent varchar(140),
parentfield varchar(140),
parenttype varchar(140),
index parent(parent))
			ENGINE=InnoDB
			ROW_FORMAT=DYNAMIC
			CHARACTER SET=utf8mb4
			COLLATE=utf8mb4_unicode_ci
2025-07-15 09:35:14,918 WARNING database DDL Query made to DB:
DROP DATABASE IF EXISTS `_10095d3054764b4c`
2025-07-15 09:35:14,972 WARNING database DDL Query made to DB:
DROP USER IF EXISTS '_10095d3054764b4c'@'%'
2025-07-15 09:35:14,975 WARNING database DDL Query made to DB:
DROP USER IF EXISTS '_10095d3054764b4c'@'localhost'
