2025-07-16 00:12:37,611 ERROR scheduler Skipped queueing frappe.twofactor.delete_all_barcodes_for_users because it was found in queue for hardik.com
2025-07-16 00:12:37,858 ERROR scheduler Skipped queueing frappe.core.doctype.prepared_report.prepared_report.expire_stalled_report because it was found in queue for hardik.com
2025-07-16 00:12:37,872 ERROR scheduler Skipped queueing frappe.desk.page.backups.backups.delete_downloadable_backups because it was found in queue for hardik.com
2025-07-16 00:12:37,887 ERROR scheduler Skipped queueing frappe.website.doctype.personal_data_deletion_request.personal_data_deletion_request.process_data_deletion_request because it was found in queue for hardik.com
2025-07-16 10:45:22,342 ERROR scheduler Skipped queueing frappe.core.doctype.prepared_report.prepared_report.expire_stalled_report because it was found in queue for hardik.com
2025-07-16 10:45:22,406 ERROR scheduler Skipped queueing frappe.desk.form.document_follow.send_hourly_updates because it was found in queue for hardik.com
2025-07-16 10:45:22,502 ERROR scheduler Skipped queueing frappe.website.doctype.personal_data_deletion_request.personal_data_deletion_request.process_data_deletion_request because it was found in queue for hardik.com
2025-07-16 10:45:22,537 ERROR scheduler Skipped queueing frappe.twofactor.delete_all_barcodes_for_users because it was found in queue for hardik.com
2025-07-16 10:45:22,563 ERROR scheduler Skipped queueing frappe.oauth.delete_oauth2_data because it was found in queue for hardik.com
2025-07-16 10:45:22,660 ERROR scheduler Skipped queueing frappe.model.utils.user_settings.sync_user_settings because it was found in queue for hardik.com
2025-07-16 10:45:22,701 ERROR scheduler Skipped queueing frappe.desk.page.backups.backups.delete_downloadable_backups because it was found in queue for hardik.com
2025-07-17 00:16:56,290 ERROR scheduler Skipped queueing frappe.core.doctype.prepared_report.prepared_report.expire_stalled_report because it was found in queue for hardik.com
2025-07-17 00:16:56,512 ERROR scheduler Skipped queueing frappe.desk.form.document_follow.send_hourly_updates because it was found in queue for hardik.com
2025-07-17 00:16:56,600 ERROR scheduler Skipped queueing frappe.website.doctype.web_page.web_page.check_publish_status because it was found in queue for hardik.com
2025-07-17 00:16:56,653 ERROR scheduler Skipped queueing frappe.desk.page.backups.backups.delete_downloadable_backups because it was found in queue for hardik.com
2025-07-18 00:20:47,375 ERROR scheduler Skipped queueing frappe.desk.form.document_follow.send_hourly_updates because it was found in queue for hardik.com
2025-07-18 00:20:47,388 ERROR scheduler Skipped queueing frappe.core.doctype.log_settings.log_settings.run_log_clean_up because it was found in queue for hardik.com
2025-07-18 00:20:47,424 ERROR scheduler Skipped queueing frappe.website.doctype.personal_data_deletion_request.personal_data_deletion_request.remove_unverified_record because it was found in queue for hardik.com
2025-07-18 00:20:47,438 ERROR scheduler Skipped queueing frappe.website.doctype.personal_data_deletion_request.personal_data_deletion_request.process_data_deletion_request because it was found in queue for hardik.com
2025-07-18 00:20:47,475 ERROR scheduler Skipped queueing frappe.oauth.delete_oauth2_data because it was found in queue for hardik.com
2025-07-18 00:20:47,483 ERROR scheduler Skipped queueing frappe.core.doctype.prepared_report.prepared_report.expire_stalled_report because it was found in queue for hardik.com
2025-07-18 00:20:47,496 ERROR scheduler Skipped queueing frappe.automation.doctype.auto_repeat.auto_repeat.make_auto_repeat_entry because it was found in queue for hardik.com
2025-07-18 00:20:47,514 ERROR scheduler Skipped queueing frappe.twofactor.delete_all_barcodes_for_users because it was found in queue for hardik.com
2025-07-18 00:20:47,521 ERROR scheduler Skipped queueing frappe.sessions.clear_expired_sessions because it was found in queue for hardik.com
2025-07-18 00:20:47,553 ERROR scheduler Skipped queueing frappe.integrations.doctype.google_contacts.google_contacts.sync because it was found in queue for hardik.com
